<?xml version="1.0" encoding="UTF-8"?>
<!-- Generated by org.testng.reporters.JUnitReportReporter -->
<testsuite hostname="DESKTOP-S5TT1KN" failures="0" tests="1" name="com.ProjectTest.OrangeLogin" time="44.801" errors="0" timestamp="2020-10-30T16:28:30 IST" skipped="0">
  <testcase classname="com.ProjectTest.OrangeLogin" name="loginTest" time="44.801"/>
  <system-out/>
</testsuite> <!-- com.ProjectTest.OrangeLogin -->
