<?xml version="1.0" encoding="UTF-8"?>
<!-- Generated by org.testng.reporters.JUnitReportReporter -->
<testsuite hostname="DESKTOP-S5TT1KN" failures="0" tests="1" name="com.ProjectTest.LaunchBrowser" time="55.272" errors="0" timestamp="2020-10-22T11:08:31 IST" skipped="0">
  <testcase classname="com.ProjectTest.LaunchBrowser" name="GotoGoogle" time="55.272"/>
  <system-out/>
</testsuite> <!-- com.ProjectTest.LaunchBrowser -->
