<?xml version="1.0" encoding="UTF-8"?>
<!-- Generated by org.testng.reporters.JUnitReportReporter -->
<testsuite hostname="DESKTOP-S5TT1KN" failures="0" tests="1" name="run.Runner" time="0.677" errors="0" timestamp="2020-10-23T21:47:35 IST" skipped="1">
  <testcase classname="run.Runner" name="runScenario" time="0.677">
    <skipped/>
  </testcase> <!-- runScenario -->
  <system-out/>
</testsuite> <!-- run.Runner -->
